[0m22:40:15.673890 [debug] [MainThread]: Sending event: {'category': 'dbt', 'action': 'invocation', 'label': 'start', 'context': [<snowplow_tracker.self_describing_json.SelfDescribingJson object at 0x000001F92C013F90>, <snowplow_tracker.self_describing_json.SelfDescribingJson object at 0x000001F92C013590>, <snowplow_tracker.self_describing_json.SelfDescribingJson object at 0x000001F92C011E50>]}


============================== 22:40:15.689825 | 82ae064e-c07f-4c0b-a3cb-5a7591bc68e2 ==============================
[0m22:40:15.689825 [info ] [MainThread]: Running with dbt=1.9.1
[0m22:40:15.689825 [debug] [MainThread]: running dbt with arguments {'printer_width': '80', 'indirect_selection': 'eager', 'write_json': 'True', 'log_cache_events': 'False', 'partial_parse': 'True', 'cache_selected_only': 'False', 'warn_error': 'None', 'debug': 'False', 'profiles_dir': 'C:\\Users\\rames\\.dbt', 'log_path': 'logs', 'version_check': 'True', 'fail_fast': 'False', 'use_colors': 'True', 'use_experimental_parser': 'False', 'no_print': 'None', 'quiet': 'False', 'empty': 'None', 'log_format': 'default', 'static_parser': 'True', 'invocation_command': 'dbt init', 'warn_error_options': 'WarnErrorOptions(include=[], exclude=[])', 'target_path': 'None', 'introspect': 'True', 'send_anonymous_usage_stats': 'True'}
[0m22:40:39.529862 [debug] [MainThread]: Starter project path: C:\Users\rames\AppData\Local\Programs\Python\Python311\Lib\site-packages\dbt\include\starter_project
[0m22:40:39.663368 [info ] [MainThread]: 
Your new dbt project "dbt_postgres_demo" was created!

For more information on how to configure the profiles.yml file,
please consult the dbt documentation here:

  https://docs.getdbt.com/docs/configure-your-profile

One more thing:

Need help? Don't hesitate to reach out to us via GitHub issues or on Slack:

  https://community.getdbt.com/

Happy modeling!

[0m22:40:39.663368 [info ] [MainThread]: Setting up your profile.
[0m22:41:46.227007 [info ] [MainThread]: Profile dbt_postgres_demo written to C:\Users\rames\.dbt\profiles.yml using target's profile_template.yml and your supplied values. Run 'dbt debug' to validate the connection.
[0m22:41:46.230105 [debug] [MainThread]: Command `dbt init` succeeded at 22:41:46.230105 after 90.71 seconds
[0m22:41:46.231643 [debug] [MainThread]: Sending event: {'category': 'dbt', 'action': 'invocation', 'label': 'end', 'context': [<snowplow_tracker.self_describing_json.SelfDescribingJson object at 0x000001F92B4D7350>, <snowplow_tracker.self_describing_json.SelfDescribingJson object at 0x000001F925A1F790>, <snowplow_tracker.self_describing_json.SelfDescribingJson object at 0x000001F925CBD850>]}
[0m22:41:46.231643 [debug] [MainThread]: Flushing usage events
[0m22:41:46.773900 [debug] [MainThread]: An error was encountered while trying to flush usage events
[0m22:42:00.426687 [debug] [MainThread]: Sending event: {'category': 'dbt', 'action': 'invocation', 'label': 'start', 'context': [<snowplow_tracker.self_describing_json.SelfDescribingJson object at 0x000001ACC6F7EA10>, <snowplow_tracker.self_describing_json.SelfDescribingJson object at 0x000001ACC6FD2E10>, <snowplow_tracker.self_describing_json.SelfDescribingJson object at 0x000001ACC6F7F010>]}


============================== 22:42:00.435557 | c18dac5c-ad1e-44e4-bc29-5b3c09c05dca ==============================
[0m22:42:00.435557 [info ] [MainThread]: Running with dbt=1.9.1
[0m22:42:00.436563 [debug] [MainThread]: running dbt with arguments {'printer_width': '80', 'indirect_selection': 'eager', 'log_cache_events': 'False', 'write_json': 'True', 'partial_parse': 'True', 'cache_selected_only': 'False', 'profiles_dir': 'C:\\Users\\rames\\.dbt', 'fail_fast': 'False', 'warn_error': 'None', 'log_path': 'logs', 'debug': 'False', 'version_check': 'True', 'use_colors': 'True', 'use_experimental_parser': 'False', 'empty': 'None', 'quiet': 'False', 'no_print': 'None', 'log_format': 'default', 'static_parser': 'True', 'invocation_command': 'dbt debug', 'introspect': 'True', 'target_path': 'None', 'warn_error_options': 'WarnErrorOptions(include=[], exclude=[])', 'send_anonymous_usage_stats': 'True'}
[0m22:42:00.470458 [info ] [MainThread]: dbt version: 1.9.1
[0m22:42:00.471456 [info ] [MainThread]: python version: 3.11.3
[0m22:42:00.472455 [info ] [MainThread]: python path: C:\Users\rames\AppData\Local\Programs\Python\Python311\python.exe
[0m22:42:00.474455 [info ] [MainThread]: os info: Windows-10-10.0.26100-SP0
[0m22:42:00.606522 [info ] [MainThread]: Using profiles dir at C:\Users\rames\.dbt
[0m22:42:00.608488 [info ] [MainThread]: Using profiles.yml file at C:\Users\rames\.dbt\profiles.yml
[0m22:42:00.609493 [info ] [MainThread]: Using dbt_project.yml file at C:\Users\rames\ideaProjects\dbt-postgres-demo\dbt_project.yml
[0m22:42:00.610579 [error] [MainThread]: Encountered an error:
Internal Error
  Profile should not be None if loading profile completed
[0m22:42:00.614159 [debug] [MainThread]: Command `dbt debug` failed at 22:42:00.613344 after 0.33 seconds
[0m22:42:00.616451 [debug] [MainThread]: Sending event: {'category': 'dbt', 'action': 'invocation', 'label': 'end', 'context': [<snowplow_tracker.self_describing_json.SelfDescribingJson object at 0x000001ACC6F8B810>, <snowplow_tracker.self_describing_json.SelfDescribingJson object at 0x000001ACC0A2EA90>, <snowplow_tracker.self_describing_json.SelfDescribingJson object at 0x000001ACC6FD3D10>]}
[0m22:42:00.617760 [debug] [MainThread]: Flushing usage events
[0m22:42:00.991627 [debug] [MainThread]: An error was encountered while trying to flush usage events
[0m22:43:59.192921 [debug] [MainThread]: Sending event: {'category': 'dbt', 'action': 'invocation', 'label': 'start', 'context': [<snowplow_tracker.self_describing_json.SelfDescribingJson object at 0x0000011CCCF58F90>, <snowplow_tracker.self_describing_json.SelfDescribingJson object at 0x0000011CCCD7E550>, <snowplow_tracker.self_describing_json.SelfDescribingJson object at 0x0000011CCCF89210>]}


============================== 22:43:59.201776 | 22309c7d-d784-4516-b33e-bd34f92dc6bc ==============================
[0m22:43:59.201776 [info ] [MainThread]: Running with dbt=1.9.1
[0m22:43:59.203204 [debug] [MainThread]: running dbt with arguments {'printer_width': '80', 'indirect_selection': 'eager', 'log_cache_events': 'False', 'write_json': 'True', 'partial_parse': 'True', 'cache_selected_only': 'False', 'warn_error': 'None', 'version_check': 'True', 'profiles_dir': 'C:\\Users\\rames\\.dbt', 'log_path': 'logs', 'debug': 'False', 'fail_fast': 'False', 'use_colors': 'True', 'use_experimental_parser': 'False', 'empty': 'None', 'quiet': 'False', 'no_print': 'None', 'log_format': 'default', 'introspect': 'True', 'invocation_command': 'dbt debug', 'warn_error_options': 'WarnErrorOptions(include=[], exclude=[])', 'target_path': 'None', 'static_parser': 'True', 'send_anonymous_usage_stats': 'True'}
[0m22:43:59.242153 [info ] [MainThread]: dbt version: 1.9.1
[0m22:43:59.244414 [info ] [MainThread]: python version: 3.11.3
[0m22:43:59.244414 [info ] [MainThread]: python path: C:\Users\rames\AppData\Local\Programs\Python\Python311\python.exe
[0m22:43:59.248932 [info ] [MainThread]: os info: Windows-10-10.0.26100-SP0
[0m22:43:59.368001 [info ] [MainThread]: Using profiles dir at C:\Users\rames\.dbt
[0m22:43:59.371069 [info ] [MainThread]: Using profiles.yml file at C:\Users\rames\.dbt\profiles.yml
[0m22:43:59.371069 [info ] [MainThread]: Using dbt_project.yml file at C:\Users\rames\ideaProjects\dbt-postgres-demo\dbt_project.yml
[0m22:43:59.371069 [error] [MainThread]: Encountered an error:
Internal Error
  Profile should not be None if loading profile completed
[0m22:43:59.374445 [debug] [MainThread]: Command `dbt debug` failed at 22:43:59.374445 after 0.32 seconds
[0m22:43:59.376473 [debug] [MainThread]: Sending event: {'category': 'dbt', 'action': 'invocation', 'label': 'end', 'context': [<snowplow_tracker.self_describing_json.SelfDescribingJson object at 0x0000011CCCFA31D0>, <snowplow_tracker.self_describing_json.SelfDescribingJson object at 0x0000011CC6C0FA50>, <snowplow_tracker.self_describing_json.SelfDescribingJson object at 0x0000011CCCF5B5D0>]}
[0m22:43:59.376473 [debug] [MainThread]: Flushing usage events
[0m22:43:59.738805 [debug] [MainThread]: An error was encountered while trying to flush usage events
[0m22:44:55.950366 [debug] [MainThread]: Sending event: {'category': 'dbt', 'action': 'invocation', 'label': 'start', 'context': [<snowplow_tracker.self_describing_json.SelfDescribingJson object at 0x000001F9E5288FD0>, <snowplow_tracker.self_describing_json.SelfDescribingJson object at 0x000001F9E52B8DD0>, <snowplow_tracker.self_describing_json.SelfDescribingJson object at 0x000001F9E52B9390>]}


============================== 22:44:55.958663 | 4850be41-83d0-4339-a294-1ba294e2fb7b ==============================
[0m22:44:55.958663 [info ] [MainThread]: Running with dbt=1.9.1
[0m22:44:55.958663 [debug] [MainThread]: running dbt with arguments {'printer_width': '80', 'indirect_selection': 'eager', 'log_cache_events': 'False', 'write_json': 'True', 'partial_parse': 'True', 'cache_selected_only': 'False', 'warn_error': 'None', 'debug': 'False', 'fail_fast': 'False', 'log_path': 'logs', 'version_check': 'True', 'profiles_dir': 'C:\\Users\\rames\\.dbt', 'use_colors': 'True', 'use_experimental_parser': 'False', 'no_print': 'None', 'quiet': 'False', 'empty': 'None', 'warn_error_options': 'WarnErrorOptions(include=[], exclude=[])', 'invocation_command': 'dbt debug --config-dir', 'log_format': 'default', 'introspect': 'True', 'target_path': 'None', 'static_parser': 'True', 'send_anonymous_usage_stats': 'True'}
[0m22:44:56.004722 [info ] [MainThread]: To view your profiles.yml file, run:

start C:\Users\rames\.dbt
[0m22:44:56.008742 [debug] [MainThread]: Command `dbt debug` succeeded at 22:44:56.006729 after 0.19 seconds
[0m22:44:56.008742 [debug] [MainThread]: Sending event: {'category': 'dbt', 'action': 'invocation', 'label': 'end', 'context': [<snowplow_tracker.self_describing_json.SelfDescribingJson object at 0x000001F9DED2AB10>, <snowplow_tracker.self_describing_json.SelfDescribingJson object at 0x000001F9DF00D890>, <snowplow_tracker.self_describing_json.SelfDescribingJson object at 0x000001F9DED782D0>]}
[0m22:44:56.010797 [debug] [MainThread]: Flushing usage events
[0m22:44:56.337383 [debug] [MainThread]: An error was encountered while trying to flush usage events
[0m22:48:18.259976 [debug] [MainThread]: Sending event: {'category': 'dbt', 'action': 'invocation', 'label': 'start', 'context': [<snowplow_tracker.self_describing_json.SelfDescribingJson object at 0x0000026CA5109210>, <snowplow_tracker.self_describing_json.SelfDescribingJson object at 0x0000026CA4F2A350>, <snowplow_tracker.self_describing_json.SelfDescribingJson object at 0x0000026CA5149D10>]}


============================== 22:48:18.271791 | 39281472-0967-4a52-8a49-1396e694f817 ==============================
[0m22:48:18.271791 [info ] [MainThread]: Running with dbt=1.9.1
[0m22:48:18.274349 [debug] [MainThread]: running dbt with arguments {'printer_width': '80', 'indirect_selection': 'eager', 'log_cache_events': 'False', 'write_json': 'True', 'partial_parse': 'True', 'cache_selected_only': 'False', 'profiles_dir': 'C:\\Users\\rames\\.dbt', 'debug': 'False', 'version_check': 'True', 'log_path': 'logs', 'warn_error': 'None', 'fail_fast': 'False', 'use_colors': 'True', 'use_experimental_parser': 'False', 'empty': 'None', 'quiet': 'False', 'no_print': 'None', 'log_format': 'default', 'introspect': 'True', 'invocation_command': 'dbt debug --profile dbt_postgres_demo', 'warn_error_options': 'WarnErrorOptions(include=[], exclude=[])', 'target_path': 'None', 'static_parser': 'True', 'send_anonymous_usage_stats': 'True'}
[0m22:48:18.333909 [info ] [MainThread]: dbt version: 1.9.1
[0m22:48:18.333909 [info ] [MainThread]: python version: 3.11.3
[0m22:48:18.337935 [info ] [MainThread]: python path: C:\Users\rames\AppData\Local\Programs\Python\Python311\python.exe
[0m22:48:18.341943 [info ] [MainThread]: os info: Windows-10-10.0.26100-SP0
[0m22:48:18.508188 [info ] [MainThread]: Using profiles dir at C:\Users\rames\.dbt
[0m22:48:18.508188 [info ] [MainThread]: Using profiles.yml file at C:\Users\rames\.dbt\profiles.yml
[0m22:48:18.510231 [info ] [MainThread]: Using dbt_project.yml file at C:\Users\rames\ideaProjects\dbt-postgres-demo\dbt_project.yml
[0m22:48:18.515271 [info ] [MainThread]: adapter type: postgres
[0m22:48:18.517282 [info ] [MainThread]: adapter version: 1.9.0
[0m22:48:18.518291 [info ] [MainThread]: Configuration:
[0m22:48:18.519358 [info ] [MainThread]:   profiles.yml file [[32mOK found and valid[0m]
[0m22:48:18.520435 [info ] [MainThread]:   dbt_project.yml file [[31mERROR not found[0m]
[0m22:48:18.522098 [info ] [MainThread]: Required dependencies:
[0m22:48:18.523189 [debug] [MainThread]: Executing "git --help"
[0m22:48:18.593164 [debug] [MainThread]: STDOUT: "b"usage: git [--version] [--help] [-C <path>] [-c <name>=<value>]\n           [--exec-path[=<path>]] [--html-path] [--man-path] [--info-path]\n           [-p | --paginate | -P | --no-pager] [--no-replace-objects] [--bare]\n           [--git-dir=<path>] [--work-tree=<path>] [--namespace=<name>]\n           <command> [<args>]\n\nThese are common Git commands used in various situations:\n\nstart a working area (see also: git help tutorial)\n   clone     Clone a repository into a new directory\n   init      Create an empty Git repository or reinitialize an existing one\n\nwork on the current change (see also: git help everyday)\n   add       Add file contents to the index\n   mv        Move or rename a file, a directory, or a symlink\n   restore   Restore working tree files\n   rm        Remove files from the working tree and from the index\n\nexamine the history and state (see also: git help revisions)\n   bisect    Use binary search to find the commit that introduced a bug\n   diff      Show changes between commits, commit and working tree, etc\n   grep      Print lines matching a pattern\n   log       Show commit logs\n   show      Show various types of objects\n   status    Show the working tree status\n\ngrow, mark and tweak your common history\n   branch    List, create, or delete branches\n   commit    Record changes to the repository\n   merge     Join two or more development histories together\n   rebase    Reapply commits on top of another base tip\n   reset     Reset current HEAD to the specified state\n   switch    Switch branches\n   tag       Create, list, delete or verify a tag object signed with GPG\n\ncollaborate (see also: git help workflows)\n   fetch     Download objects and refs from another repository\n   pull      Fetch from and integrate with another repository or a local branch\n   push      Update remote refs along with associated objects\n\n'git help -a' and 'git help -g' list available subcommands and some\nconcept guides. See 'git help <command>' or 'git help <concept>'\nto read about a specific subcommand or concept.\nSee 'git help git' for an overview of the system.\n""
[0m22:48:18.596097 [debug] [MainThread]: STDERR: "b''"
[0m22:48:18.598029 [info ] [MainThread]:  - git [[32mOK found[0m]

[0m22:48:18.598029 [info ] [MainThread]: Connection:
[0m22:48:18.600088 [info ] [MainThread]:   host: localhost
[0m22:48:18.602103 [info ] [MainThread]:   port: 5432
[0m22:48:18.604134 [info ] [MainThread]:   user: postgres
[0m22:48:18.604134 [info ] [MainThread]:   database: home
[0m22:48:18.606145 [info ] [MainThread]:   schema: finance
[0m22:48:18.606145 [info ] [MainThread]:   connect_timeout: 10
[0m22:48:18.610746 [info ] [MainThread]:   role: None
[0m22:48:18.611262 [info ] [MainThread]:   search_path: None
[0m22:48:18.611262 [info ] [MainThread]:   keepalives_idle: 0
[0m22:48:18.611262 [info ] [MainThread]:   sslmode: None
[0m22:48:18.615369 [info ] [MainThread]:   sslcert: None
[0m22:48:18.616776 [info ] [MainThread]:   sslkey: None
[0m22:48:18.618283 [info ] [MainThread]:   sslrootcert: None
[0m22:48:18.618283 [info ] [MainThread]:   application_name: dbt
[0m22:48:18.619870 [info ] [MainThread]:   retries: 1
[0m22:48:18.622099 [info ] [MainThread]: Registered adapter: postgres=1.9.0
[0m22:48:19.180163 [debug] [MainThread]: Acquiring new postgres connection 'debug'
[0m22:48:19.437845 [debug] [MainThread]: Using postgres connection "debug"
[0m22:48:19.438886 [debug] [MainThread]: On debug: select 1 as id
[0m22:48:19.438886 [debug] [MainThread]: Opening a new connection, currently in state init
[0m22:48:19.541025 [debug] [MainThread]: SQL status: SELECT 1 in 0.102 seconds
[0m22:48:19.544077 [debug] [MainThread]: On debug: Close
[0m22:48:19.544077 [info ] [MainThread]:   Connection test: [[32mOK connection ok[0m]

[0m22:48:19.544077 [info ] [MainThread]: [31m1 check failed:[0m
[0m22:48:19.549341 [info ] [MainThread]: Project loading failed for the following reason:
 project path <C:\Users\rames\ideaProjects\dbt-postgres-demo\dbt_project.yml> not found

[0m22:48:19.549341 [debug] [MainThread]: Command `dbt debug` failed at 22:48:19.549341 after 1.45 seconds
[0m22:48:19.549341 [debug] [MainThread]: Connection 'debug' was properly closed.
[0m22:48:19.554435 [debug] [MainThread]: Sending event: {'category': 'dbt', 'action': 'invocation', 'label': 'end', 'context': [<snowplow_tracker.self_describing_json.SelfDescribingJson object at 0x0000026CA51532D0>, <snowplow_tracker.self_describing_json.SelfDescribingJson object at 0x0000026CA56098D0>, <snowplow_tracker.self_describing_json.SelfDescribingJson object at 0x0000026C9EC1F790>]}
[0m22:48:19.556448 [debug] [MainThread]: Flushing usage events
[0m22:48:19.948263 [debug] [MainThread]: An error was encountered while trying to flush usage events
